

Microchip MPLAB XC8 Assembler V2.31 build 20201012212115 
                                                                                               Mon Aug 09 09:53:33 2021

Microchip MPLAB XC8 C Compiler v2.31 (Free license) build 20201012212115 Og1 
     1                           	processor	16F887
     2                           	pagewidth 120
     3                           	opt	flic
     4                           	psect	cinit,global,class=CODE,merge=1,delta=2
     5                           	psect	bssBANK0,global,class=BANK0,space=1,delta=1,noexec
     6                           	psect	cstackCOMMON,global,class=COMMON,space=1,delta=1,noexec
     7                           	psect	cstackBANK0,global,class=BANK0,space=1,delta=1,noexec
     8                           	psect	maintext,global,class=CODE,split=1,delta=2
     9                           	psect	text1,local,class=CODE,merge=1,delta=2
    10                           	psect	text2,local,class=CODE,merge=1,delta=2
    11                           	psect	text3,local,class=CODE,merge=1,delta=2,group=1
    12                           	psect	text4,local,class=CODE,merge=1,delta=2
    13                           	psect	text5,local,class=CODE,merge=1,delta=2
    14                           	psect	text6,local,class=CODE,merge=1,delta=2
    15                           	psect	text7,local,class=CODE,merge=1,delta=2
    16                           	psect	text8,local,class=CODE,merge=1,delta=2
    17                           	psect	config,global,abs,ovrld,class=CONFIG,space=4,delta=2,noexec
    18                           	dabs	1,0x7E,2
    19  0000                     
    20                           ; Version 2.20
    21                           ; Generated 12/02/2020 GMT
    22                           ; 
    23                           ; Copyright © 2020, Microchip Technology Inc. and its subsidiaries ("Microchip")
    24                           ; All rights reserved.
    25                           ; 
    26                           ; This software is developed by Microchip Technology Inc. and its subsidiaries ("Microch
      +                          ip").
    27                           ; 
    28                           ; Redistribution and use in source and binary forms, with or without modification, are
    29                           ; permitted provided that the following conditions are met:
    30                           ; 
    31                           ;     1. Redistributions of source code must retain the above copyright notice, this lis
      +                          t of
    32                           ;        conditions and the following disclaimer.
    33                           ; 
    34                           ;     2. Redistributions in binary form must reproduce the above copyright notice, this 
      +                          list
    35                           ;        of conditions and the following disclaimer in the documentation and/or other
    36                           ;        materials provided with the distribution.
    37                           ; 
    38                           ;     3. Microchip's name may not be used to endorse or promote products derived from th
      +                          is
    39                           ;        software without specific prior written permission.
    40                           ; 
    41                           ; THIS SOFTWARE IS PROVIDED BY MICROCHIP "AS IS" AND ANY EXPRESS OR IMPLIED WARRANTIES,
    42                           ; INCLUDING, BUT NOT LIMITED TO, THE IMPLIED WARRANTIES OF MERCHANTABILITY AND FITNESS F
      +                          OR
    43                           ; PURPOSE ARE DISCLAIMED.  IN NO EVENT SHALL MICROCHIP BE LIABLE FOR ANY DIRECT, INDIREC
      +                          T,
    44                           ; INCIDENTAL, SPECIAL, EXEMPLARY, OR CONSEQUENTIAL DAMAGES (INCLUDING BUT NOT LIMITED TO
    45                           ; PROCUREMENT OF SUBSTITUTE GOODS OR SERVICES; LOSS OF USE, DATA OR PROFITS; OR BUSINESS
    46                           ; INTERRUPTION) HOWSOEVER CAUSED AND ON ANY THEORY OF LIABILITY, WHETHER IN CONTRACT, ST
      +                          RICT
    47                           ; LIABILITY, OR TORT (INCLUDING NEGLIGENCE OR OTHERWISE) ARISING IN ANY WAY OUT OF THE U
      +                          SE OF
    48                           ; THIS SOFTWARE, EVEN IF ADVISED OF THE POSSIBILITY OF SUCH DAMAGE.
    49                           ; 
    50                           ; 
    51                           ; Code-generator required, PIC16F887 Definitions
    52                           ; 
    53                           ; SFR Addresses
    54  0000                     	;# 
    55  0001                     	;# 
    56  0002                     	;# 
    57  0003                     	;# 
    58  0004                     	;# 
    59  0005                     	;# 
    60  0006                     	;# 
    61  0007                     	;# 
    62  0008                     	;# 
    63  0009                     	;# 
    64  000A                     	;# 
    65  000B                     	;# 
    66  000C                     	;# 
    67  000D                     	;# 
    68  000E                     	;# 
    69  000E                     	;# 
    70  000F                     	;# 
    71  0010                     	;# 
    72  0011                     	;# 
    73  0012                     	;# 
    74  0013                     	;# 
    75  0014                     	;# 
    76  0015                     	;# 
    77  0015                     	;# 
    78  0016                     	;# 
    79  0017                     	;# 
    80  0018                     	;# 
    81  0019                     	;# 
    82  001A                     	;# 
    83  001B                     	;# 
    84  001B                     	;# 
    85  001C                     	;# 
    86  001D                     	;# 
    87  001E                     	;# 
    88  001F                     	;# 
    89  0081                     	;# 
    90  0085                     	;# 
    91  0086                     	;# 
    92  0087                     	;# 
    93  0088                     	;# 
    94  0089                     	;# 
    95  008C                     	;# 
    96  008D                     	;# 
    97  008E                     	;# 
    98  008F                     	;# 
    99  0090                     	;# 
   100  0091                     	;# 
   101  0092                     	;# 
   102  0093                     	;# 
   103  0093                     	;# 
   104  0093                     	;# 
   105  0094                     	;# 
   106  0095                     	;# 
   107  0096                     	;# 
   108  0097                     	;# 
   109  0098                     	;# 
   110  0099                     	;# 
   111  009A                     	;# 
   112  009B                     	;# 
   113  009C                     	;# 
   114  009D                     	;# 
   115  009E                     	;# 
   116  009F                     	;# 
   117  0105                     	;# 
   118  0107                     	;# 
   119  0108                     	;# 
   120  0109                     	;# 
   121  010C                     	;# 
   122  010C                     	;# 
   123  010D                     	;# 
   124  010E                     	;# 
   125  010F                     	;# 
   126  0185                     	;# 
   127  0187                     	;# 
   128  0188                     	;# 
   129  0189                     	;# 
   130  018C                     	;# 
   131  018D                     	;# 
   132  0000                     	;# 
   133  0001                     	;# 
   134  0002                     	;# 
   135  0003                     	;# 
   136  0004                     	;# 
   137  0005                     	;# 
   138  0006                     	;# 
   139  0007                     	;# 
   140  0008                     	;# 
   141  0009                     	;# 
   142  000A                     	;# 
   143  000B                     	;# 
   144  000C                     	;# 
   145  000D                     	;# 
   146  000E                     	;# 
   147  000E                     	;# 
   148  000F                     	;# 
   149  0010                     	;# 
   150  0011                     	;# 
   151  0012                     	;# 
   152  0013                     	;# 
   153  0014                     	;# 
   154  0015                     	;# 
   155  0015                     	;# 
   156  0016                     	;# 
   157  0017                     	;# 
   158  0018                     	;# 
   159  0019                     	;# 
   160  001A                     	;# 
   161  001B                     	;# 
   162  001B                     	;# 
   163  001C                     	;# 
   164  001D                     	;# 
   165  001E                     	;# 
   166  001F                     	;# 
   167  0081                     	;# 
   168  0085                     	;# 
   169  0086                     	;# 
   170  0087                     	;# 
   171  0088                     	;# 
   172  0089                     	;# 
   173  008C                     	;# 
   174  008D                     	;# 
   175  008E                     	;# 
   176  008F                     	;# 
   177  0090                     	;# 
   178  0091                     	;# 
   179  0092                     	;# 
   180  0093                     	;# 
   181  0093                     	;# 
   182  0093                     	;# 
   183  0094                     	;# 
   184  0095                     	;# 
   185  0096                     	;# 
   186  0097                     	;# 
   187  0098                     	;# 
   188  0099                     	;# 
   189  009A                     	;# 
   190  009B                     	;# 
   191  009C                     	;# 
   192  009D                     	;# 
   193  009E                     	;# 
   194  009F                     	;# 
   195  0105                     	;# 
   196  0107                     	;# 
   197  0108                     	;# 
   198  0109                     	;# 
   199  010C                     	;# 
   200  010C                     	;# 
   201  010D                     	;# 
   202  010E                     	;# 
   203  010F                     	;# 
   204  0185                     	;# 
   205  0187                     	;# 
   206  0188                     	;# 
   207  0189                     	;# 
   208  018C                     	;# 
   209  018D                     	;# 
   210  0000                     	;# 
   211  0001                     	;# 
   212  0002                     	;# 
   213  0003                     	;# 
   214  0004                     	;# 
   215  0005                     	;# 
   216  0006                     	;# 
   217  0007                     	;# 
   218  0008                     	;# 
   219  0009                     	;# 
   220  000A                     	;# 
   221  000B                     	;# 
   222  000C                     	;# 
   223  000D                     	;# 
   224  000E                     	;# 
   225  000E                     	;# 
   226  000F                     	;# 
   227  0010                     	;# 
   228  0011                     	;# 
   229  0012                     	;# 
   230  0013                     	;# 
   231  0014                     	;# 
   232  0015                     	;# 
   233  0015                     	;# 
   234  0016                     	;# 
   235  0017                     	;# 
   236  0018                     	;# 
   237  0019                     	;# 
   238  001A                     	;# 
   239  001B                     	;# 
   240  001B                     	;# 
   241  001C                     	;# 
   242  001D                     	;# 
   243  001E                     	;# 
   244  001F                     	;# 
   245  0081                     	;# 
   246  0085                     	;# 
   247  0086                     	;# 
   248  0087                     	;# 
   249  0088                     	;# 
   250  0089                     	;# 
   251  008C                     	;# 
   252  008D                     	;# 
   253  008E                     	;# 
   254  008F                     	;# 
   255  0090                     	;# 
   256  0091                     	;# 
   257  0092                     	;# 
   258  0093                     	;# 
   259  0093                     	;# 
   260  0093                     	;# 
   261  0094                     	;# 
   262  0095                     	;# 
   263  0096                     	;# 
   264  0097                     	;# 
   265  0098                     	;# 
   266  0099                     	;# 
   267  009A                     	;# 
   268  009B                     	;# 
   269  009C                     	;# 
   270  009D                     	;# 
   271  009E                     	;# 
   272  009F                     	;# 
   273  0105                     	;# 
   274  0107                     	;# 
   275  0108                     	;# 
   276  0109                     	;# 
   277  010C                     	;# 
   278  010C                     	;# 
   279  010D                     	;# 
   280  010E                     	;# 
   281  010F                     	;# 
   282  0185                     	;# 
   283  0187                     	;# 
   284  0188                     	;# 
   285  0189                     	;# 
   286  018C                     	;# 
   287  018D                     	;# 
   288  0013                     _SSPBUF	set	19
   289  0014                     _SSPCON	set	20
   290  0006                     _PORTB	set	6
   291  0063                     _SSPIF	set	99
   292  005E                     _PEIE	set	94
   293  005F                     _GIE	set	95
   294  0091                     _SSPCON2bits	set	145
   295  0087                     _TRISCbits	set	135
   296  0094                     _SSPSTAT	set	148
   297  0093                     _SSPADD	set	147
   298  0091                     _SSPCON2	set	145
   299  008F                     _OSCCONbits	set	143
   300  0088                     _TRISD	set	136
   301  0087                     _TRISC	set	135
   302  0086                     _TRISB	set	134
   303  0085                     _TRISA	set	133
   304  0463                     _SSPIE	set	1123
   305  043C                     _TRISC4	set	1084
   306  043B                     _TRISC3	set	1083
   307  0189                     _ANSELH	set	393
   308  0188                     _ANSEL	set	392
   309                           
   310                           	psect	cinit
   311  07F9                     start_initialization:	
   312                           ; #config settings
   313                           
   314  07F9                     __initialization:
   315                           
   316                           ; Clear objects allocated to BANK0
   317  07F9  1283               	bcf	3,5	;RP0=0, select bank0
   318  07FA  1303               	bcf	3,6	;RP1=0, select bank0
   319  07FB  01AB               	clrf	__pbssBANK0& (0+127)
   320  07FC                     end_of_initialization:	
   321                           ;End of C runtime variable initialization code
   322                           
   323  07FC                     __end_of__initialization:
   324  07FC  0183               	clrf	3
   325  07FD  120A  118A  2F92   	ljmp	_main	;jump to C main() function
   326                           
   327                           	psect	bssBANK0
   328  002B                     __pbssBANK0:
   329  002B                     _temp:
   330  002B                     	ds	1
   331                           
   332                           	psect	cstackCOMMON
   333  0070                     __pcstackCOMMON:
   334  0070                     ?_I2C_Master_Start:
   335  0070                     ??_I2C_Master_Start:	
   336                           ; 1 bytes @ 0x0
   337                           
   338  0070                     ?_I2C_Master_Write:	
   339                           ; 1 bytes @ 0x0
   340                           
   341  0070                     ?_I2C_Master_Stop:	
   342                           ; 1 bytes @ 0x0
   343                           
   344  0070                     ??_I2C_Master_Stop:	
   345                           ; 1 bytes @ 0x0
   346                           
   347  0070                     ?_setup:	
   348                           ; 1 bytes @ 0x0
   349                           
   350  0070                     ?_main:	
   351                           ; 1 bytes @ 0x0
   352                           
   353  0070                     ?_I2C_Master_Wait:	
   354                           ; 1 bytes @ 0x0
   355                           
   356  0070                     ??_I2C_Master_Wait:	
   357                           ; 1 bytes @ 0x0
   358                           
   359  0070                     ?_I2C_Master_Read:	
   360                           ; 1 bytes @ 0x0
   361                           
   362  0070                     ?___lldiv:	
   363                           ; 2 bytes @ 0x0
   364                           
   365  0070                     I2C_Master_Write@d:	
   366                           ; 4 bytes @ 0x0
   367                           
   368  0070                     I2C_Master_Read@a:	
   369                           ; 2 bytes @ 0x0
   370                           
   371  0070                     ___lldiv@divisor:	
   372                           ; 2 bytes @ 0x0
   373                           
   374                           
   375                           ; 4 bytes @ 0x0
   376  0070                     	ds	2
   377  0072                     ??_I2C_Master_Write:
   378  0072                     ??_I2C_Master_Read:	
   379                           ; 1 bytes @ 0x2
   380                           
   381                           
   382                           ; 1 bytes @ 0x2
   383  0072                     	ds	2
   384  0074                     I2C_Master_Read@temp:
   385  0074                     ___lldiv@dividend:	
   386                           ; 2 bytes @ 0x4
   387                           
   388                           
   389                           ; 4 bytes @ 0x4
   390  0074                     	ds	4
   391  0078                     ??___lldiv:
   392                           
   393                           ; 1 bytes @ 0x8
   394  0078                     	ds	1
   395  0079                     ___lldiv@quotient:
   396                           
   397                           ; 4 bytes @ 0x9
   398  0079                     	ds	4
   399  007D                     ___lldiv@counter:
   400                           
   401                           ; 1 bytes @ 0xD
   402  007D                     	ds	1
   403  007E                     ??_setup:
   404                           
   405                           	psect	cstackBANK0
   406  0020                     __pcstackBANK0:	
   407                           ; 1 bytes @ 0xE
   408                           
   409  0020                     ?_I2C_Master_Init:
   410  0020                     I2C_Master_Init@c:	
   411                           ; 1 bytes @ 0x0
   412                           
   413                           
   414                           ; 4 bytes @ 0x0
   415  0020                     	ds	4
   416  0024                     ??_I2C_Master_Init:
   417                           
   418                           ; 1 bytes @ 0x4
   419  0024                     	ds	4
   420  0028                     ??_main:
   421                           
   422                           ; 1 bytes @ 0x8
   423  0028                     	ds	3
   424                           
   425                           	psect	maintext
   426  0792                     __pmaintext:	
   427 ;;
   428 ;;Main: autosize = 0, tempsize = 3, incstack = 0, save=0
   429 ;;
   430 ;; *************** function _main *****************
   431 ;; Defined at:
   432 ;;		line 47 in file "Master_I2C.c"
   433 ;; Parameters:    Size  Location     Type
   434 ;;		None
   435 ;; Auto vars:     Size  Location     Type
   436 ;;		None
   437 ;; Return value:  Size  Location     Type
   438 ;;                  1    wreg      void 
   439 ;; Registers used:
   440 ;;		wreg, status,2, status,0, pclath, cstack
   441 ;; Tracked objects:
   442 ;;		On entry : B00/0
   443 ;;		On exit  : 0/0
   444 ;;		Unchanged: 0/0
   445 ;; Data sizes:     COMMON   BANK0   BANK1   BANK3   BANK2
   446 ;;      Params:         0       0       0       0       0
   447 ;;      Locals:         0       0       0       0       0
   448 ;;      Temps:          0       3       0       0       0
   449 ;;      Totals:         0       3       0       0       0
   450 ;;Total ram usage:        3 bytes
   451 ;; Hardware stack levels required when called:    3
   452 ;; This function calls:
   453 ;;		_I2C_Master_Read
   454 ;;		_I2C_Master_Start
   455 ;;		_I2C_Master_Stop
   456 ;;		_I2C_Master_Write
   457 ;;		_setup
   458 ;; This function is called by:
   459 ;;		Startup code after reset
   460 ;; This function uses a non-reentrant model
   461 ;;
   462                           
   463                           
   464                           ;psect for function _main
   465  0792                     _main:
   466  0792                     l882:	
   467                           ;incstack = 0
   468                           ; Regs used in _main: [wreg+status,2+status,0+pclath+cstack]
   469                           
   470                           
   471                           ;Master_I2C.c: 48:     setup();
   472  0792  120A  118A  26A0  120A  118A  	fcall	_setup
   473  0797                     l38:	
   474                           ;Master_I2C.c: 49:     while(1){
   475                           
   476                           
   477                           ;Master_I2C.c: 50:         I2C_Master_Start();
   478  0797  120A  118A  2677  120A  118A  	fcall	_I2C_Master_Start
   479                           
   480                           ;Master_I2C.c: 51:         I2C_Master_Write(0x50);
   481  079C  3050               	movlw	80
   482  079D  00F0               	movwf	I2C_Master_Write@d
   483  079E  3000               	movlw	0
   484  079F  00F1               	movwf	I2C_Master_Write@d+1
   485  07A0  120A  118A  2689  120A  118A  	fcall	_I2C_Master_Write
   486                           
   487                           ;Master_I2C.c: 52:         I2C_Master_Write(0x00);
   488  07A5  3000               	movlw	0
   489  07A6  00F0               	movwf	I2C_Master_Write@d
   490  07A7  00F1               	movwf	I2C_Master_Write@d+1
   491  07A8  120A  118A  2689  120A  118A  	fcall	_I2C_Master_Write
   492                           
   493                           ;Master_I2C.c: 53:         I2C_Master_Stop();
   494  07AD  120A  118A  2680  120A  118A  	fcall	_I2C_Master_Stop
   495  07B2                     l884:
   496                           
   497                           ;Master_I2C.c: 54:         _delay((unsigned long)((200)*(8000000/4000.0)));
   498  07B2  3003               	movlw	3
   499  07B3  1283               	bcf	3,5	;RP0=0, select bank0
   500  07B4  1303               	bcf	3,6	;RP1=0, select bank0
   501  07B5  00AA               	movwf	??_main+2
   502  07B6  3008               	movlw	8
   503  07B7  00A9               	movwf	??_main+1
   504  07B8  3076               	movlw	118
   505  07B9  00A8               	movwf	??_main
   506  07BA                     u237:
   507  07BA  0BA8               	decfsz	??_main,f
   508  07BB  2FBA               	goto	u237
   509  07BC  0BA9               	decfsz	??_main+1,f
   510  07BD  2FBA               	goto	u237
   511  07BE  0BAA               	decfsz	??_main+2,f
   512  07BF  2FBA               	goto	u237
   513  07C0  0000               	nop
   514  07C1                     l886:
   515                           
   516                           ;Master_I2C.c: 56:         I2C_Master_Start();
   517  07C1  120A  118A  2677  120A  118A  	fcall	_I2C_Master_Start
   518  07C6                     l888:
   519                           
   520                           ;Master_I2C.c: 57:         I2C_Master_Write(0x51);
   521  07C6  3051               	movlw	81
   522  07C7  00F0               	movwf	I2C_Master_Write@d
   523  07C8  3000               	movlw	0
   524  07C9  00F1               	movwf	I2C_Master_Write@d+1
   525  07CA  120A  118A  2689  120A  118A  	fcall	_I2C_Master_Write
   526  07CF                     l890:
   527                           
   528                           ;Master_I2C.c: 58:         PORTB = I2C_Master_Read(0);
   529  07CF  3000               	movlw	0
   530  07D0  00F0               	movwf	I2C_Master_Read@a
   531  07D1  00F1               	movwf	I2C_Master_Read@a+1
   532  07D2  120A  118A  26C6  120A  118A  	fcall	_I2C_Master_Read
   533  07D7  0870               	movf	?_I2C_Master_Read,w
   534  07D8  1283               	bcf	3,5	;RP0=0, select bank0
   535  07D9  1303               	bcf	3,6	;RP1=0, select bank0
   536  07DA  0086               	movwf	6	;volatile
   537  07DB                     l892:
   538                           
   539                           ;Master_I2C.c: 59:         I2C_Master_Stop();
   540  07DB  120A  118A  2680  120A  118A  	fcall	_I2C_Master_Stop
   541  07E0                     l894:
   542                           
   543                           ;Master_I2C.c: 60:         _delay((unsigned long)((200)*(8000000/4000.0)));
   544  07E0  3003               	movlw	3
   545  07E1  1283               	bcf	3,5	;RP0=0, select bank0
   546  07E2  1303               	bcf	3,6	;RP1=0, select bank0
   547  07E3  00AA               	movwf	??_main+2
   548  07E4  3008               	movlw	8
   549  07E5  00A9               	movwf	??_main+1
   550  07E6  3076               	movlw	118
   551  07E7  00A8               	movwf	??_main
   552  07E8                     u247:
   553  07E8  0BA8               	decfsz	??_main,f
   554  07E9  2FE8               	goto	u247
   555  07EA  0BA9               	decfsz	??_main+1,f
   556  07EB  2FE8               	goto	u247
   557  07EC  0BAA               	decfsz	??_main+2,f
   558  07ED  2FE8               	goto	u247
   559  07EE  0000               	nop
   560  07EF                     l896:
   561                           
   562                           ;Master_I2C.c: 61:         temp++;
   563  07EF  3001               	movlw	1
   564  07F0  1283               	bcf	3,5	;RP0=0, select bank0
   565  07F1  1303               	bcf	3,6	;RP1=0, select bank0
   566  07F2  00A8               	movwf	??_main
   567  07F3  0828               	movf	??_main,w
   568  07F4  07AB               	addwf	_temp,f
   569  07F5  2F97               	goto	l38
   570  07F6  120A  118A  2800   	ljmp	start
   571  07F9                     __end_of_main:
   572                           
   573                           	psect	text1
   574  06A0                     __ptext1:	
   575 ;; *************** function _setup *****************
   576 ;; Defined at:
   577 ;;		line 29 in file "Master_I2C.c"
   578 ;; Parameters:    Size  Location     Type
   579 ;;		None
   580 ;; Auto vars:     Size  Location     Type
   581 ;;		None
   582 ;; Return value:  Size  Location     Type
   583 ;;                  1    wreg      void 
   584 ;; Registers used:
   585 ;;		wreg, status,2, status,0, pclath, cstack
   586 ;; Tracked objects:
   587 ;;		On entry : 0/0
   588 ;;		On exit  : 0/0
   589 ;;		Unchanged: 0/0
   590 ;; Data sizes:     COMMON   BANK0   BANK1   BANK3   BANK2
   591 ;;      Params:         0       0       0       0       0
   592 ;;      Locals:         0       0       0       0       0
   593 ;;      Temps:          0       0       0       0       0
   594 ;;      Totals:         0       0       0       0       0
   595 ;;Total ram usage:        0 bytes
   596 ;; Hardware stack levels used:    1
   597 ;; Hardware stack levels required when called:    2
   598 ;; This function calls:
   599 ;;		_I2C_Master_Init
   600 ;; This function is called by:
   601 ;;		_main
   602 ;; This function uses a non-reentrant model
   603 ;;
   604                           
   605                           
   606                           ;psect for function _setup
   607  06A0                     _setup:
   608  06A0                     l842:	
   609                           ;incstack = 0
   610                           ; Regs used in _setup: [wreg+status,2+status,0+pclath+cstack]
   611                           
   612                           
   613                           ;Master_I2C.c: 30:     ANSEL = 0x00;
   614  06A0  1683               	bsf	3,5	;RP0=1, select bank3
   615  06A1  1703               	bsf	3,6	;RP1=1, select bank3
   616  06A2  0188               	clrf	8	;volatile
   617                           
   618                           ;Master_I2C.c: 31:     ANSELH = 0x00;
   619  06A3  0189               	clrf	9	;volatile
   620                           
   621                           ;Master_I2C.c: 33:     TRISA = 0x00;
   622  06A4  1683               	bsf	3,5	;RP0=1, select bank1
   623  06A5  1303               	bcf	3,6	;RP1=0, select bank1
   624  06A6  0185               	clrf	5	;volatile
   625                           
   626                           ;Master_I2C.c: 34:     TRISB = 0x00;
   627  06A7  0186               	clrf	6	;volatile
   628                           
   629                           ;Master_I2C.c: 35:     TRISC = 0x00;
   630  06A8  0187               	clrf	7	;volatile
   631                           
   632                           ;Master_I2C.c: 36:     TRISD = 0x00;
   633  06A9  0188               	clrf	8	;volatile
   634                           
   635                           ;Master_I2C.c: 37:     PORTB = 0;
   636  06AA  1283               	bcf	3,5	;RP0=0, select bank0
   637  06AB  1303               	bcf	3,6	;RP1=0, select bank0
   638  06AC  0186               	clrf	6	;volatile
   639  06AD                     l844:
   640                           
   641                           ;Master_I2C.c: 39:     OSCCONbits.IRCF = 0B111;
   642  06AD  3070               	movlw	112
   643  06AE  1683               	bsf	3,5	;RP0=1, select bank1
   644  06AF  1303               	bcf	3,6	;RP1=0, select bank1
   645  06B0  048F               	iorwf	15,f	;volatile
   646  06B1                     l846:
   647                           
   648                           ;Master_I2C.c: 40:     OSCCONbits.OSTS = 0;
   649  06B1  118F               	bcf	15,3	;volatile
   650  06B2                     l848:
   651                           
   652                           ;Master_I2C.c: 41:     OSCCONbits.SCS = 1;
   653  06B2  140F               	bsf	15,0	;volatile
   654  06B3                     l850:
   655                           
   656                           ;Master_I2C.c: 43:     I2C_Master_Init(100000);
   657  06B3  3000               	movlw	0
   658  06B4  1283               	bcf	3,5	;RP0=0, select bank0
   659  06B5  1303               	bcf	3,6	;RP1=0, select bank0
   660  06B6  00A3               	movwf	I2C_Master_Init@c+3
   661  06B7  3001               	movlw	1
   662  06B8  00A2               	movwf	I2C_Master_Init@c+2
   663  06B9  3086               	movlw	134
   664  06BA  00A1               	movwf	I2C_Master_Init@c+1
   665  06BB  30A0               	movlw	160
   666  06BC  00A0               	movwf	I2C_Master_Init@c
   667  06BD  120A  118A  26F4  120A  118A  	fcall	_I2C_Master_Init
   668  06C2                     l852:
   669                           
   670                           ;Master_I2C.c: 44:     temp = 0;
   671  06C2  1283               	bcf	3,5	;RP0=0, select bank0
   672  06C3  1303               	bcf	3,6	;RP1=0, select bank0
   673  06C4  01AB               	clrf	_temp
   674  06C5                     l33:
   675  06C5  0008               	return
   676  06C6                     __end_of_setup:
   677                           
   678                           	psect	text2
   679  06F4                     __ptext2:	
   680 ;; *************** function _I2C_Master_Init *****************
   681 ;; Defined at:
   682 ;;		line 16 in file "I2C_2.c"
   683 ;; Parameters:    Size  Location     Type
   684 ;;  c               4    0[BANK0 ] const unsigned long 
   685 ;; Auto vars:     Size  Location     Type
   686 ;;		None
   687 ;; Return value:  Size  Location     Type
   688 ;;                  1    wreg      void 
   689 ;; Registers used:
   690 ;;		wreg, status,2, status,0, pclath, cstack
   691 ;; Tracked objects:
   692 ;;		On entry : 0/0
   693 ;;		On exit  : 0/0
   694 ;;		Unchanged: 0/0
   695 ;; Data sizes:     COMMON   BANK0   BANK1   BANK3   BANK2
   696 ;;      Params:         0       4       0       0       0
   697 ;;      Locals:         0       0       0       0       0
   698 ;;      Temps:          0       4       0       0       0
   699 ;;      Totals:         0       8       0       0       0
   700 ;;Total ram usage:        8 bytes
   701 ;; Hardware stack levels used:    1
   702 ;; Hardware stack levels required when called:    1
   703 ;; This function calls:
   704 ;;		___lldiv
   705 ;; This function is called by:
   706 ;;		_setup
   707 ;; This function uses a non-reentrant model
   708 ;;
   709                           
   710                           
   711                           ;psect for function _I2C_Master_Init
   712  06F4                     _I2C_Master_Init:
   713  06F4                     l826:	
   714                           ;incstack = 0
   715                           ; Regs used in _I2C_Master_Init: [wreg+status,2+status,0+pclath+cstack]
   716                           
   717                           
   718                           ;I2C_2.c: 16: void I2C_Master_Init(const unsigned long c);I2C_2.c: 17: {;I2C_2.c: 18:   
      +                            SSPCON = 0b00101000;
   719  06F4  3028               	movlw	40
   720  06F5  1283               	bcf	3,5	;RP0=0, select bank0
   721  06F6  1303               	bcf	3,6	;RP1=0, select bank0
   722  06F7  0094               	movwf	20	;volatile
   723  06F8                     l828:
   724                           
   725                           ;I2C_2.c: 19:     SSPCON2 = 0;
   726  06F8  1683               	bsf	3,5	;RP0=1, select bank1
   727  06F9  1303               	bcf	3,6	;RP1=0, select bank1
   728  06FA  0191               	clrf	17	;volatile
   729  06FB                     l830:
   730                           
   731                           ;I2C_2.c: 20:     SSPADD = (8000000/(4*c))-1;
   732  06FB  1283               	bcf	3,5	;RP0=0, select bank0
   733  06FC  1303               	bcf	3,6	;RP1=0, select bank0
   734  06FD  0820               	movf	I2C_Master_Init@c,w
   735  06FE  00A4               	movwf	??_I2C_Master_Init
   736  06FF  0821               	movf	I2C_Master_Init@c+1,w
   737  0700  00A5               	movwf	??_I2C_Master_Init+1
   738  0701  0822               	movf	I2C_Master_Init@c+2,w
   739  0702  00A6               	movwf	??_I2C_Master_Init+2
   740  0703  0823               	movf	I2C_Master_Init@c+3,w
   741  0704  00A7               	movwf	??_I2C_Master_Init+3
   742  0705  3002               	movlw	2
   743  0706                     u195:
   744  0706  1003               	clrc
   745  0707  0DA4               	rlf	??_I2C_Master_Init,f
   746  0708  0DA5               	rlf	??_I2C_Master_Init+1,f
   747  0709  0DA6               	rlf	??_I2C_Master_Init+2,f
   748  070A  0DA7               	rlf	??_I2C_Master_Init+3,f
   749  070B                     u190:
   750  070B  3EFF               	addlw	-1
   751  070C  1D03               	skipz
   752  070D  2F06               	goto	u195
   753  070E  0827               	movf	??_I2C_Master_Init+3,w
   754  070F  00F3               	movwf	___lldiv@divisor+3
   755  0710  0826               	movf	??_I2C_Master_Init+2,w
   756  0711  00F2               	movwf	___lldiv@divisor+2
   757  0712  0825               	movf	??_I2C_Master_Init+1,w
   758  0713  00F1               	movwf	___lldiv@divisor+1
   759  0714  0824               	movf	??_I2C_Master_Init,w
   760  0715  00F0               	movwf	___lldiv@divisor
   761  0716  3000               	movlw	0
   762  0717  00F7               	movwf	___lldiv@dividend+3
   763  0718  307A               	movlw	122
   764  0719  00F6               	movwf	___lldiv@dividend+2
   765  071A  3012               	movlw	18
   766  071B  00F5               	movwf	___lldiv@dividend+1
   767  071C  3000               	movlw	0
   768  071D  00F4               	movwf	___lldiv@dividend
   769  071E  120A  118A  272C  120A  118A  	fcall	___lldiv
   770  0723  0870               	movf	?___lldiv,w
   771  0724  3EFF               	addlw	255
   772  0725  1683               	bsf	3,5	;RP0=1, select bank1
   773  0726  1303               	bcf	3,6	;RP1=0, select bank1
   774  0727  0093               	movwf	19	;volatile
   775  0728                     l832:
   776                           
   777                           ;I2C_2.c: 21:     SSPSTAT = 0;
   778  0728  0194               	clrf	20	;volatile
   779  0729                     l834:
   780                           
   781                           ;I2C_2.c: 22:     TRISCbits.TRISC3 = 1;
   782  0729  1587               	bsf	7,3	;volatile
   783  072A                     l836:
   784                           
   785                           ;I2C_2.c: 23:     TRISCbits.TRISC4 = 1;
   786  072A  1607               	bsf	7,4	;volatile
   787  072B                     l70:
   788  072B  0008               	return
   789  072C                     __end_of_I2C_Master_Init:
   790                           
   791                           	psect	text3
   792  072C                     __ptext3:	
   793 ;; *************** function ___lldiv *****************
   794 ;; Defined at:
   795 ;;		line 5 in file "C:\Program Files\Microchip\xc8\v2.31\pic\sources\c90\common\__lldiv.c"
   796 ;; Parameters:    Size  Location     Type
   797 ;;  divisor         4    0[COMMON] unsigned long 
   798 ;;  dividend        4    4[COMMON] unsigned long 
   799 ;; Auto vars:     Size  Location     Type
   800 ;;  quotient        4    9[COMMON] unsigned long 
   801 ;;  counter         1   13[COMMON] unsigned char 
   802 ;; Return value:  Size  Location     Type
   803 ;;                  4    0[COMMON] unsigned long 
   804 ;; Registers used:
   805 ;;		wreg, status,2, status,0
   806 ;; Tracked objects:
   807 ;;		On entry : 0/0
   808 ;;		On exit  : 0/0
   809 ;;		Unchanged: 0/0
   810 ;; Data sizes:     COMMON   BANK0   BANK1   BANK3   BANK2
   811 ;;      Params:         8       0       0       0       0
   812 ;;      Locals:         5       0       0       0       0
   813 ;;      Temps:          1       0       0       0       0
   814 ;;      Totals:        14       0       0       0       0
   815 ;;Total ram usage:       14 bytes
   816 ;; Hardware stack levels used:    1
   817 ;; This function calls:
   818 ;;		Nothing
   819 ;; This function is called by:
   820 ;;		_I2C_Master_Init
   821 ;; This function uses a non-reentrant model
   822 ;;
   823                           
   824                           
   825                           ;psect for function ___lldiv
   826  072C                     ___lldiv:
   827  072C                     l802:	
   828                           ;incstack = 0
   829                           ; Regs used in ___lldiv: [wreg+status,2+status,0]
   830                           
   831  072C  3000               	movlw	0
   832  072D  00FC               	movwf	___lldiv@quotient+3
   833  072E  3000               	movlw	0
   834  072F  00FB               	movwf	___lldiv@quotient+2
   835  0730  3000               	movlw	0
   836  0731  00FA               	movwf	___lldiv@quotient+1
   837  0732  3000               	movlw	0
   838  0733  00F9               	movwf	___lldiv@quotient
   839  0734  0873               	movf	___lldiv@divisor+3,w
   840  0735  0472               	iorwf	___lldiv@divisor+2,w
   841  0736  0471               	iorwf	___lldiv@divisor+1,w
   842  0737  0470               	iorwf	___lldiv@divisor,w
   843  0738  1903               	skipnz
   844  0739  2F3B               	goto	u121
   845  073A  2F3C               	goto	u120
   846  073B                     u121:
   847  073B  2F89               	goto	l822
   848  073C                     u120:
   849  073C                     l804:
   850  073C  01FD               	clrf	___lldiv@counter
   851  073D  0AFD               	incf	___lldiv@counter,f
   852  073E  2F4C               	goto	l808
   853  073F                     l806:
   854  073F  3001               	movlw	1
   855  0740  00F8               	movwf	??___lldiv
   856  0741                     u135:
   857  0741  1003               	clrc
   858  0742  0DF0               	rlf	___lldiv@divisor,f
   859  0743  0DF1               	rlf	___lldiv@divisor+1,f
   860  0744  0DF2               	rlf	___lldiv@divisor+2,f
   861  0745  0DF3               	rlf	___lldiv@divisor+3,f
   862  0746  0BF8               	decfsz	??___lldiv,f
   863  0747  2F41               	goto	u135
   864  0748  3001               	movlw	1
   865  0749  00F8               	movwf	??___lldiv
   866  074A  0878               	movf	??___lldiv,w
   867  074B  07FD               	addwf	___lldiv@counter,f
   868  074C                     l808:
   869  074C  1FF3               	btfss	___lldiv@divisor+3,7
   870  074D  2F4F               	goto	u141
   871  074E  2F50               	goto	u140
   872  074F                     u141:
   873  074F  2F3F               	goto	l806
   874  0750                     u140:
   875  0750                     l810:
   876  0750  3001               	movlw	1
   877  0751  00F8               	movwf	??___lldiv
   878  0752                     u155:
   879  0752  1003               	clrc
   880  0753  0DF9               	rlf	___lldiv@quotient,f
   881  0754  0DFA               	rlf	___lldiv@quotient+1,f
   882  0755  0DFB               	rlf	___lldiv@quotient+2,f
   883  0756  0DFC               	rlf	___lldiv@quotient+3,f
   884  0757  0BF8               	decfsz	??___lldiv,f
   885  0758  2F52               	goto	u155
   886  0759                     l812:
   887  0759  0873               	movf	___lldiv@divisor+3,w
   888  075A  0277               	subwf	___lldiv@dividend+3,w
   889  075B  1D03               	skipz
   890  075C  2F67               	goto	u165
   891  075D  0872               	movf	___lldiv@divisor+2,w
   892  075E  0276               	subwf	___lldiv@dividend+2,w
   893  075F  1D03               	skipz
   894  0760  2F67               	goto	u165
   895  0761  0871               	movf	___lldiv@divisor+1,w
   896  0762  0275               	subwf	___lldiv@dividend+1,w
   897  0763  1D03               	skipz
   898  0764  2F67               	goto	u165
   899  0765  0870               	movf	___lldiv@divisor,w
   900  0766  0274               	subwf	___lldiv@dividend,w
   901  0767                     u165:
   902  0767  1C03               	skipc
   903  0768  2F6A               	goto	u161
   904  0769  2F6B               	goto	u160
   905  076A                     u161:
   906  076A  2F7A               	goto	l818
   907  076B                     u160:
   908  076B                     l814:
   909  076B  0870               	movf	___lldiv@divisor,w
   910  076C  02F4               	subwf	___lldiv@dividend,f
   911  076D  0871               	movf	___lldiv@divisor+1,w
   912  076E  1C03               	skipc
   913  076F  0F71               	incfsz	___lldiv@divisor+1,w
   914  0770  02F5               	subwf	___lldiv@dividend+1,f
   915  0771  0872               	movf	___lldiv@divisor+2,w
   916  0772  1C03               	skipc
   917  0773  0F72               	incfsz	___lldiv@divisor+2,w
   918  0774  02F6               	subwf	___lldiv@dividend+2,f
   919  0775  0873               	movf	___lldiv@divisor+3,w
   920  0776  1C03               	skipc
   921  0777  0F73               	incfsz	___lldiv@divisor+3,w
   922  0778  02F7               	subwf	___lldiv@dividend+3,f
   923  0779                     l816:
   924  0779  1479               	bsf	___lldiv@quotient,0
   925  077A                     l818:
   926  077A  3001               	movlw	1
   927  077B                     u175:
   928  077B  1003               	clrc
   929  077C  0CF3               	rrf	___lldiv@divisor+3,f
   930  077D  0CF2               	rrf	___lldiv@divisor+2,f
   931  077E  0CF1               	rrf	___lldiv@divisor+1,f
   932  077F  0CF0               	rrf	___lldiv@divisor,f
   933  0780  3EFF               	addlw	-1
   934  0781  1D03               	skipz
   935  0782  2F7B               	goto	u175
   936  0783                     l820:
   937  0783  3001               	movlw	1
   938  0784  02FD               	subwf	___lldiv@counter,f
   939  0785  1D03               	btfss	3,2
   940  0786  2F88               	goto	u181
   941  0787  2F89               	goto	u180
   942  0788                     u181:
   943  0788  2F50               	goto	l810
   944  0789                     u180:
   945  0789                     l822:
   946  0789  087C               	movf	___lldiv@quotient+3,w
   947  078A  00F3               	movwf	?___lldiv+3
   948  078B  087B               	movf	___lldiv@quotient+2,w
   949  078C  00F2               	movwf	?___lldiv+2
   950  078D  087A               	movf	___lldiv@quotient+1,w
   951  078E  00F1               	movwf	?___lldiv+1
   952  078F  0879               	movf	___lldiv@quotient,w
   953  0790  00F0               	movwf	?___lldiv
   954  0791                     l218:
   955  0791  0008               	return
   956  0792                     __end_of___lldiv:
   957                           
   958                           	psect	text4
   959  0689                     __ptext4:	
   960 ;; *************** function _I2C_Master_Write *****************
   961 ;; Defined at:
   962 ;;		line 65 in file "I2C_2.c"
   963 ;; Parameters:    Size  Location     Type
   964 ;;  d               2    0[COMMON] unsigned int 
   965 ;; Auto vars:     Size  Location     Type
   966 ;;		None
   967 ;; Return value:  Size  Location     Type
   968 ;;                  1    wreg      void 
   969 ;; Registers used:
   970 ;;		wreg, status,2, status,0, pclath, cstack
   971 ;; Tracked objects:
   972 ;;		On entry : 0/0
   973 ;;		On exit  : 0/0
   974 ;;		Unchanged: 0/0
   975 ;; Data sizes:     COMMON   BANK0   BANK1   BANK3   BANK2
   976 ;;      Params:         2       0       0       0       0
   977 ;;      Locals:         0       0       0       0       0
   978 ;;      Temps:          0       0       0       0       0
   979 ;;      Totals:         2       0       0       0       0
   980 ;;Total ram usage:        2 bytes
   981 ;; Hardware stack levels used:    1
   982 ;; Hardware stack levels required when called:    1
   983 ;; This function calls:
   984 ;;		_I2C_Master_Wait
   985 ;; This function is called by:
   986 ;;		_main
   987 ;; This function uses a non-reentrant model
   988 ;;
   989                           
   990                           
   991                           ;psect for function _I2C_Master_Write
   992  0689                     _I2C_Master_Write:
   993  0689                     l858:	
   994                           ;incstack = 0
   995                           ; Regs used in _I2C_Master_Write: [wreg+status,2+status,0+pclath+cstack]
   996                           
   997                           
   998                           ;I2C_2.c: 65: void I2C_Master_Write(unsigned d);I2C_2.c: 66: {;I2C_2.c: 67:     I2C_Mast
      +                          er_Wait();
   999  0689  120A  118A  2693  120A  118A  	fcall	_I2C_Master_Wait
  1000  068E                     l860:
  1001                           
  1002                           ;I2C_2.c: 68:     SSPBUF = d;
  1003  068E  0870               	movf	I2C_Master_Write@d,w
  1004  068F  1283               	bcf	3,5	;RP0=0, select bank0
  1005  0690  1303               	bcf	3,6	;RP1=0, select bank0
  1006  0691  0093               	movwf	19	;volatile
  1007  0692                     l88:
  1008  0692  0008               	return
  1009  0693                     __end_of_I2C_Master_Write:
  1010                           
  1011                           	psect	text5
  1012  0680                     __ptext5:	
  1013 ;; *************** function _I2C_Master_Stop *****************
  1014 ;; Defined at:
  1015 ;;		line 55 in file "I2C_2.c"
  1016 ;; Parameters:    Size  Location     Type
  1017 ;;		None
  1018 ;; Auto vars:     Size  Location     Type
  1019 ;;		None
  1020 ;; Return value:  Size  Location     Type
  1021 ;;                  1    wreg      void 
  1022 ;; Registers used:
  1023 ;;		wreg, status,2, status,0, pclath, cstack
  1024 ;; Tracked objects:
  1025 ;;		On entry : 0/0
  1026 ;;		On exit  : 0/0
  1027 ;;		Unchanged: 0/0
  1028 ;; Data sizes:     COMMON   BANK0   BANK1   BANK3   BANK2
  1029 ;;      Params:         0       0       0       0       0
  1030 ;;      Locals:         0       0       0       0       0
  1031 ;;      Temps:          0       0       0       0       0
  1032 ;;      Totals:         0       0       0       0       0
  1033 ;;Total ram usage:        0 bytes
  1034 ;; Hardware stack levels used:    1
  1035 ;; Hardware stack levels required when called:    1
  1036 ;; This function calls:
  1037 ;;		_I2C_Master_Wait
  1038 ;; This function is called by:
  1039 ;;		_main
  1040 ;; This function uses a non-reentrant model
  1041 ;;
  1042                           
  1043                           
  1044                           ;psect for function _I2C_Master_Stop
  1045  0680                     _I2C_Master_Stop:
  1046  0680                     l862:	
  1047                           ;incstack = 0
  1048                           ; Regs used in _I2C_Master_Stop: [wreg+status,2+status,0+pclath+cstack]
  1049                           
  1050                           
  1051                           ;I2C_2.c: 57:     I2C_Master_Wait();
  1052  0680  120A  118A  2693  120A  118A  	fcall	_I2C_Master_Wait
  1053  0685                     l864:
  1054                           
  1055                           ;I2C_2.c: 58:     SSPCON2bits.PEN = 1;
  1056  0685  1683               	bsf	3,5	;RP0=1, select bank1
  1057  0686  1303               	bcf	3,6	;RP1=0, select bank1
  1058  0687  1511               	bsf	17,2	;volatile
  1059  0688                     l85:
  1060  0688  0008               	return
  1061  0689                     __end_of_I2C_Master_Stop:
  1062                           
  1063                           	psect	text6
  1064  0677                     __ptext6:	
  1065 ;; *************** function _I2C_Master_Start *****************
  1066 ;; Defined at:
  1067 ;;		line 39 in file "I2C_2.c"
  1068 ;; Parameters:    Size  Location     Type
  1069 ;;		None
  1070 ;; Auto vars:     Size  Location     Type
  1071 ;;		None
  1072 ;; Return value:  Size  Location     Type
  1073 ;;                  1    wreg      void 
  1074 ;; Registers used:
  1075 ;;		wreg, status,2, status,0, pclath, cstack
  1076 ;; Tracked objects:
  1077 ;;		On entry : 0/0
  1078 ;;		On exit  : 0/0
  1079 ;;		Unchanged: 0/0
  1080 ;; Data sizes:     COMMON   BANK0   BANK1   BANK3   BANK2
  1081 ;;      Params:         0       0       0       0       0
  1082 ;;      Locals:         0       0       0       0       0
  1083 ;;      Temps:          0       0       0       0       0
  1084 ;;      Totals:         0       0       0       0       0
  1085 ;;Total ram usage:        0 bytes
  1086 ;; Hardware stack levels used:    1
  1087 ;; Hardware stack levels required when called:    1
  1088 ;; This function calls:
  1089 ;;		_I2C_Master_Wait
  1090 ;; This function is called by:
  1091 ;;		_main
  1092 ;; This function uses a non-reentrant model
  1093 ;;
  1094                           
  1095                           
  1096                           ;psect for function _I2C_Master_Start
  1097  0677                     _I2C_Master_Start:
  1098  0677                     l854:	
  1099                           ;incstack = 0
  1100                           ; Regs used in _I2C_Master_Start: [wreg+status,2+status,0+pclath+cstack]
  1101                           
  1102                           
  1103                           ;I2C_2.c: 41:     I2C_Master_Wait();
  1104  0677  120A  118A  2693  120A  118A  	fcall	_I2C_Master_Wait
  1105  067C                     l856:
  1106                           
  1107                           ;I2C_2.c: 42:     SSPCON2bits.SEN = 1;
  1108  067C  1683               	bsf	3,5	;RP0=1, select bank1
  1109  067D  1303               	bcf	3,6	;RP1=0, select bank1
  1110  067E  1411               	bsf	17,0	;volatile
  1111  067F                     l79:
  1112  067F  0008               	return
  1113  0680                     __end_of_I2C_Master_Start:
  1114                           
  1115                           	psect	text7
  1116  06C6                     __ptext7:	
  1117 ;; *************** function _I2C_Master_Read *****************
  1118 ;; Defined at:
  1119 ;;		line 74 in file "I2C_2.c"
  1120 ;; Parameters:    Size  Location     Type
  1121 ;;  a               2    0[COMMON] unsigned short 
  1122 ;; Auto vars:     Size  Location     Type
  1123 ;;  temp            2    4[COMMON] unsigned short 
  1124 ;; Return value:  Size  Location     Type
  1125 ;;                  2    0[COMMON] unsigned short 
  1126 ;; Registers used:
  1127 ;;		wreg, status,2, status,0, pclath, cstack
  1128 ;; Tracked objects:
  1129 ;;		On entry : 0/0
  1130 ;;		On exit  : 0/0
  1131 ;;		Unchanged: 0/0
  1132 ;; Data sizes:     COMMON   BANK0   BANK1   BANK3   BANK2
  1133 ;;      Params:         2       0       0       0       0
  1134 ;;      Locals:         2       0       0       0       0
  1135 ;;      Temps:          2       0       0       0       0
  1136 ;;      Totals:         6       0       0       0       0
  1137 ;;Total ram usage:        6 bytes
  1138 ;; Hardware stack levels used:    1
  1139 ;; Hardware stack levels required when called:    1
  1140 ;; This function calls:
  1141 ;;		_I2C_Master_Wait
  1142 ;; This function is called by:
  1143 ;;		_main
  1144 ;; This function uses a non-reentrant model
  1145 ;;
  1146                           
  1147                           
  1148                           ;psect for function _I2C_Master_Read
  1149  06C6                     _I2C_Master_Read:
  1150  06C6                     l866:	
  1151                           ;incstack = 0
  1152                           ; Regs used in _I2C_Master_Read: [wreg+status,2+status,0+pclath+cstack]
  1153                           
  1154                           
  1155                           ;I2C_2.c: 74: unsigned short I2C_Master_Read(unsigned short a);I2C_2.c: 75: {;I2C_2.c: 7
      +                          6:     unsigned short temp;;I2C_2.c: 77:     I2C_Master_Wait();
  1156  06C6  120A  118A  2693  120A  118A  	fcall	_I2C_Master_Wait
  1157  06CB                     l868:
  1158                           
  1159                           ;I2C_2.c: 78:     SSPCON2bits.RCEN = 1;
  1160  06CB  1683               	bsf	3,5	;RP0=1, select bank1
  1161  06CC  1303               	bcf	3,6	;RP1=0, select bank1
  1162  06CD  1591               	bsf	17,3	;volatile
  1163                           
  1164                           ;I2C_2.c: 79:     I2C_Master_Wait();
  1165  06CE  120A  118A  2693  120A  118A  	fcall	_I2C_Master_Wait
  1166  06D3                     l870:
  1167                           
  1168                           ;I2C_2.c: 80:     temp = SSPBUF;
  1169  06D3  1283               	bcf	3,5	;RP0=0, select bank0
  1170  06D4  1303               	bcf	3,6	;RP1=0, select bank0
  1171  06D5  0813               	movf	19,w	;volatile
  1172  06D6  00F2               	movwf	??_I2C_Master_Read
  1173  06D7  01F3               	clrf	??_I2C_Master_Read+1
  1174  06D8  0872               	movf	??_I2C_Master_Read,w
  1175  06D9  00F4               	movwf	I2C_Master_Read@temp
  1176  06DA  0873               	movf	??_I2C_Master_Read+1,w
  1177  06DB  00F5               	movwf	I2C_Master_Read@temp+1
  1178  06DC                     l872:
  1179                           
  1180                           ;I2C_2.c: 81:     I2C_Master_Wait();
  1181  06DC  120A  118A  2693  120A  118A  	fcall	_I2C_Master_Wait
  1182  06E1                     l874:
  1183                           
  1184                           ;I2C_2.c: 82:     if(a == 1){
  1185  06E1  0370               	decf	I2C_Master_Read@a,w
  1186  06E2  0471               	iorwf	I2C_Master_Read@a+1,w
  1187  06E3  1D03               	btfss	3,2
  1188  06E4  2EE6               	goto	u221
  1189  06E5  2EE7               	goto	u220
  1190  06E6                     u221:
  1191  06E6  2EEB               	goto	l91
  1192  06E7                     u220:
  1193  06E7                     l876:
  1194                           
  1195                           ;I2C_2.c: 83:         SSPCON2bits.ACKDT = 0;
  1196  06E7  1683               	bsf	3,5	;RP0=1, select bank1
  1197  06E8  1303               	bcf	3,6	;RP1=0, select bank1
  1198  06E9  1291               	bcf	17,5	;volatile
  1199                           
  1200                           ;I2C_2.c: 84:     }else{
  1201  06EA  2EEE               	goto	l92
  1202  06EB                     l91:
  1203                           
  1204                           ;I2C_2.c: 85:         SSPCON2bits.ACKDT = 1;
  1205  06EB  1683               	bsf	3,5	;RP0=1, select bank1
  1206  06EC  1303               	bcf	3,6	;RP1=0, select bank1
  1207  06ED  1691               	bsf	17,5	;volatile
  1208  06EE                     l92:	
  1209                           ;I2C_2.c: 86:     }
  1210                           
  1211                           
  1212                           ;I2C_2.c: 87:     SSPCON2bits.ACKEN = 1;
  1213  06EE  1611               	bsf	17,4	;volatile
  1214  06EF                     l878:
  1215                           
  1216                           ;I2C_2.c: 88:     return temp;
  1217  06EF  0875               	movf	I2C_Master_Read@temp+1,w
  1218  06F0  00F1               	movwf	?_I2C_Master_Read+1
  1219  06F1  0874               	movf	I2C_Master_Read@temp,w
  1220  06F2  00F0               	movwf	?_I2C_Master_Read
  1221  06F3                     l93:
  1222  06F3  0008               	return
  1223  06F4                     __end_of_I2C_Master_Read:
  1224                           
  1225                           	psect	text8
  1226  0693                     __ptext8:	
  1227 ;; *************** function _I2C_Master_Wait *****************
  1228 ;; Defined at:
  1229 ;;		line 32 in file "I2C_2.c"
  1230 ;; Parameters:    Size  Location     Type
  1231 ;;		None
  1232 ;; Auto vars:     Size  Location     Type
  1233 ;;		None
  1234 ;; Return value:  Size  Location     Type
  1235 ;;                  1    wreg      void 
  1236 ;; Registers used:
  1237 ;;		wreg, status,2
  1238 ;; Tracked objects:
  1239 ;;		On entry : 0/0
  1240 ;;		On exit  : 0/0
  1241 ;;		Unchanged: 0/0
  1242 ;; Data sizes:     COMMON   BANK0   BANK1   BANK3   BANK2
  1243 ;;      Params:         0       0       0       0       0
  1244 ;;      Locals:         0       0       0       0       0
  1245 ;;      Temps:          0       0       0       0       0
  1246 ;;      Totals:         0       0       0       0       0
  1247 ;;Total ram usage:        0 bytes
  1248 ;; Hardware stack levels used:    1
  1249 ;; This function calls:
  1250 ;;		Nothing
  1251 ;; This function is called by:
  1252 ;;		_I2C_Master_Start
  1253 ;;		_I2C_Master_Stop
  1254 ;;		_I2C_Master_Write
  1255 ;;		_I2C_Master_Read
  1256 ;;		_I2C_Master_RepeatedStart
  1257 ;; This function uses a non-reentrant model
  1258 ;;
  1259                           
  1260                           
  1261                           ;psect for function _I2C_Master_Wait
  1262  0693                     _I2C_Master_Wait:
  1263  0693                     l838:	
  1264                           ;incstack = 0
  1265                           ; Regs used in _I2C_Master_Wait: [wreg+status,2]
  1266                           
  1267  0693                     l73:	
  1268                           ;I2C_2.c: 34:     while ((SSPSTAT & 0x04) || (SSPCON2 & 0x1F));
  1269                           
  1270  0693  1683               	bsf	3,5	;RP0=1, select bank1
  1271  0694  1303               	bcf	3,6	;RP1=0, select bank1
  1272  0695  1914               	btfsc	20,2	;volatile
  1273  0696  2E98               	goto	u201
  1274  0697  2E99               	goto	u200
  1275  0698                     u201:
  1276  0698  2E93               	goto	l73
  1277  0699                     u200:
  1278  0699                     l840:
  1279  0699  0811               	movf	17,w	;volatile
  1280  069A  391F               	andlw	31
  1281  069B  1D03               	btfss	3,2
  1282  069C  2E9E               	goto	u211
  1283  069D  2E9F               	goto	u210
  1284  069E                     u211:
  1285  069E  2E93               	goto	l73
  1286  069F                     u210:
  1287  069F                     l76:
  1288  069F  0008               	return
  1289  06A0                     __end_of_I2C_Master_Wait:
  1290  007E                     btemp	set	126	;btemp
  1291  007E                     wtemp0	set	126
  1292                           
  1293                           	psect	config
  1294                           
  1295                           ;Config register CONFIG1 @ 0x2007
  1296                           ;	Oscillator Selection bits
  1297                           ;	FOSC = INTRC_NOCLKOUT, INTOSCIO oscillator: I/O function on RA6/OSC2/CLKOUT pin, I/O f
      +                          unction on RA7/OSC1/CLKIN
  1298                           ;	Watchdog Timer Enable bit
  1299                           ;	WDTE = OFF, WDT disabled and can be enabled by SWDTEN bit of the WDTCON register
  1300                           ;	Power-up Timer Enable bit
  1301                           ;	PWRTE = ON, PWRT enabled
  1302                           ;	RE3/MCLR pin function select bit
  1303                           ;	MCLRE = OFF, RE3/MCLR pin function is digital input, MCLR internally tied to VDD
  1304                           ;	Code Protection bit
  1305                           ;	CP = OFF, Program memory code protection is disabled
  1306                           ;	Data Code Protection bit
  1307                           ;	CPD = OFF, Data memory code protection is disabled
  1308                           ;	Brown Out Reset Selection bits
  1309                           ;	BOREN = OFF, BOR disabled
  1310                           ;	Internal External Switchover bit
  1311                           ;	IESO = OFF, Internal/External Switchover mode is disabled
  1312                           ;	Fail-Safe Clock Monitor Enabled bit
  1313                           ;	FCMEN = OFF, Fail-Safe Clock Monitor is disabled
  1314                           ;	Low Voltage Programming Enable bit
  1315                           ;	LVP = OFF, RB3 pin has digital I/O, HV on MCLR must be used for programming
  1316                           ;	In-Circuit Debugger Mode bit
  1317                           ;	DEBUG = 0x1, unprogrammed default
  1318  2007                     	org	8199
  1319  2007  20C4               	dw	8388
  1320                           
  1321                           ;Config register CONFIG2 @ 0x2008
  1322                           ;	Brown-out Reset Selection bit
  1323                           ;	BOR4V = BOR40V, Brown-out Reset set to 4.0V
  1324                           ;	Flash Program Memory Self Write Enable bits
  1325                           ;	WRT = OFF, Write protection off
  1326  2008                     	org	8200
  1327  2008  3FFF               	dw	16383

Data Sizes:
    Strings     0
    Constant    0
    Data        0
    BSS         1
    Persistent  0
    Stack       0

Auto Spaces:
    Space          Size  Autos    Used
    COMMON           14     14      14
    BANK0            80     11      12
    BANK1            80      0       0
    BANK3            96      0       0
    BANK2            96      0       0

Pointer List with Targets:

    None.

Critical Paths under _main in COMMON

    _I2C_Master_Init->___lldiv

Critical Paths under _main in BANK0

    _setup->_I2C_Master_Init

Critical Paths under _main in BANK1

    None.

Critical Paths under _main in BANK3

    None.

Critical Paths under _main in BANK2

    None.

Call Graph Tables:

 ---------------------------------------------------------------------------------
 (Depth) Function   	        Calls       Base Space   Used Autos Params    Refs
 ---------------------------------------------------------------------------------
 (0) _main                                                 3     3      0     783
                                              8 BANK0      3     3      0
                    _I2C_Master_Read
                   _I2C_Master_Start
                    _I2C_Master_Stop
                   _I2C_Master_Write
                              _setup
 ---------------------------------------------------------------------------------
 (1) _setup                                                0     0      0     412
                    _I2C_Master_Init
 ---------------------------------------------------------------------------------
 (2) _I2C_Master_Init                                      8     4      4     412
                                              0 BANK0      8     4      4
                            ___lldiv
 ---------------------------------------------------------------------------------
 (3) ___lldiv                                             14     6      8     314
                                              0 COMMON    14     6      8
 ---------------------------------------------------------------------------------
 (1) _I2C_Master_Write                                     2     0      2     250
                                              0 COMMON     2     0      2
                    _I2C_Master_Wait
 ---------------------------------------------------------------------------------
 (1) _I2C_Master_Stop                                      0     0      0       0
                    _I2C_Master_Wait
 ---------------------------------------------------------------------------------
 (1) _I2C_Master_Start                                     0     0      0       0
                    _I2C_Master_Wait
 ---------------------------------------------------------------------------------
 (1) _I2C_Master_Read                                      6     4      2     121
                                              0 COMMON     6     4      2
                    _I2C_Master_Wait
 ---------------------------------------------------------------------------------
 (2) _I2C_Master_Wait                                      0     0      0       0
 ---------------------------------------------------------------------------------
 Estimated maximum stack depth 3
 ---------------------------------------------------------------------------------

 Call Graph Graphs:

 _main (ROOT)
   _I2C_Master_Read
     _I2C_Master_Wait
   _I2C_Master_Start
     _I2C_Master_Wait
   _I2C_Master_Stop
     _I2C_Master_Wait
   _I2C_Master_Write
     _I2C_Master_Wait
   _setup
     _I2C_Master_Init
       ___lldiv

 Address spaces:
Name               Size   Autos  Total    Cost      Usage
BITCOMMON            E      0       0       0        0.0%
EEDATA             100      0       0       0        0.0%
NULL                 0      0       0       0        0.0%
CODE                 0      0       0       0        0.0%
COMMON               E      E       E       1      100.0%
BITSFR0              0      0       0       1        0.0%
SFR0                 0      0       0       1        0.0%
BITSFR1              0      0       0       2        0.0%
SFR1                 0      0       0       2        0.0%
STACK                0      0       0       2        0.0%
ABS                  0      0      1A       3        0.0%
BITBANK0            50      0       0       4        0.0%
BITSFR3              0      0       0       4        0.0%
SFR3                 0      0       0       4        0.0%
BANK0               50      B       C       5       15.0%
BITSFR2              0      0       0       5        0.0%
SFR2                 0      0       0       5        0.0%
BITBANK1            50      0       0       6        0.0%
BANK1               50      0       0       7        0.0%
BITBANK3            60      0       0       8        0.0%
BANK3               60      0       0       9        0.0%
BITBANK2            60      0       0      10        0.0%
BANK2               60      0       0      11        0.0%
DATA                 0      0      1A      12        0.0%


Microchip Technology PIC Macro Assembler V2.31 build 20201012212115 
Symbol Table                                                                                   Mon Aug 09 09:53:33 2021

                       l33 06C5                         l70 072B                         l38 0797  
                       l73 0693                         l91 06EB                         l76 069F  
                       l92 06EE                         l93 06F3                         l85 0688  
                       l79 067F                         l88 0692                        l218 0791  
                      l810 0750                        l802 072C                        l820 0783  
                      l812 0759                        l804 073C                        l814 076B  
                      l806 073F                        l822 0789                        l830 06FB  
                      l840 0699                        l816 0779                        l808 074C  
                      l832 0728                        l818 077A                        l834 0729  
                      l826 06F4                        l850 06B3                        l842 06A0  
                      l860 068E                        l836 072A                        l828 06F8  
                      l852 06C2                        l844 06AD                        l838 0693  
                      l870 06D3                        l854 0677                        l862 0680  
                      l846 06B1                        l872 06DC                        l856 067C  
                      l864 0685                        l848 06B2                        l874 06E1  
                      l866 06C6                        l858 0689                        l890 07CF  
                      l882 0792                        l876 06E7                        l868 06CB  
                      l892 07DB                        l884 07B2                        l878 06EF  
                      l894 07E0                        l886 07C1                        l896 07EF  
                      l888 07C6                        _GIE 005F                        u200 0699  
                      u120 073C                        u201 0698                        u121 073B  
                      u210 069F                        u211 069E                        u220 06E7  
                      u140 0750                        u221 06E6                        u141 074F  
                      u135 0741                        u160 076B                        u161 076A  
                      u155 0752                        u180 0789                        u181 0788  
                      u165 0767                        u237 07BA                        u190 070B  
                      u175 077B                        u247 07E8                        u195 0706  
                     _PEIE 005E                       _main 0792                       _temp 002B  
                     btemp 007E                       start 0000           ?_I2C_Master_Init 0020  
         ?_I2C_Master_Read 0070           ?_I2C_Master_Wait 0070           ?_I2C_Master_Stop 0070  
                    ?_main 0070                      _ANSEL 0188            __end_of___lldiv 0792  
                    _PORTB 0006                      _TRISA 0085                      _TRISB 0086  
                    _TRISC 0087                      _TRISD 0088                      _SSPIE 0463  
                    _SSPIF 0063                      _setup 06A0                      status 0003  
                    wtemp0 007E            __initialization 07F9               __end_of_main 07F9  
                   ??_main 0028          ?_I2C_Master_Start 0070          ?_I2C_Master_Write 0070  
       ??_I2C_Master_Start 0070         ??_I2C_Master_Write 0072                     ?_setup 0070  
                   _ANSELH 0189                     _SSPADD 0093                     _TRISC3 043B  
                   _TRISC4 043C                     _SSPCON 0014                     _SSPBUF 0013  
                ??___lldiv 0078    __end_of__initialization 07FC             __pcstackCOMMON 0070  
            __end_of_setup 06C6                    ??_setup 007E                 __pbssBANK0 002B  
               __pmaintext 0792                    _SSPCON2 0091                    _SSPSTAT 0094  
                  ___lldiv 072C                    __ptext1 06A0                    __ptext2 06F4  
                  __ptext3 072C                    __ptext4 0689                    __ptext5 0680  
                  __ptext6 0677                    __ptext7 06C6                    __ptext8 0693  
 __size_of_I2C_Master_Init 0038   __size_of_I2C_Master_Read 002E   __size_of_I2C_Master_Wait 000D  
 __size_of_I2C_Master_Stop 0009       end_of_initialization 07FC  __size_of_I2C_Master_Start 0009  
__size_of_I2C_Master_Write 000A            ___lldiv@divisor 0070            ___lldiv@counter 007D  
         I2C_Master_Init@c 0020           I2C_Master_Read@a 0070                  _TRISCbits 0087  
      start_initialization 07F9          ??_I2C_Master_Init 0024          ??_I2C_Master_Read 0072  
        ??_I2C_Master_Wait 0070          ??_I2C_Master_Stop 0070                  ___latbits 0002  
            __pcstackBANK0 0020           _I2C_Master_Start 0677           _I2C_Master_Write 0689  
                 ?___lldiv 0070             __size_of_setup 0026        I2C_Master_Read@temp 0074  
         __size_of___lldiv 0066            _I2C_Master_Init 06F4            _I2C_Master_Read 06C6  
          _I2C_Master_Wait 0693            _I2C_Master_Stop 0680              __size_of_main 0067  
 __end_of_I2C_Master_Start 0680   __end_of_I2C_Master_Write 0693           ___lldiv@dividend 0074  
               _OSCCONbits 008F    __end_of_I2C_Master_Init 072C    __end_of_I2C_Master_Read 06F4  
  __end_of_I2C_Master_Wait 06A0    __end_of_I2C_Master_Stop 0689           ___lldiv@quotient 0079  
        I2C_Master_Write@d 0070                _SSPCON2bits 0091  
